# JRE version: Java(TM) SE Runtime Environment (8.0_202-b08) (build 1.8.0_202-b08)
# Java VM: Java HotSpot(TM) 64-Bit Server VM (25.202-b08 mixed mode windows-amd64 compressed oops)
Heap:
 PSYoungGen      total 276480K, used 40189K [0x00000006ebd00000, 0x000000070ac80000, 0x00000007c0000000)
  eden space 249344K, 5% used [0x00000006ebd00000,0x00000006ec9c0f18,0x00000006fb080000)
  from space 27136K, 99% used [0x00000006fb080000,0x00000006fcafe620,0x00000006fcb00000)
  to   space 52736K, 0% used [0x0000000707900000,0x0000000707900000,0x000000070ac80000)
 ParOldGen       total 267776K, used 46822K [0x0000000543600000, 0x0000000553b80000, 0x00000006ebd00000)
  object space 267776K, 17% used [0x0000000543600000,0x00000005463b9bc0,0x0000000553b80000)
 Metaspace       used 30770K, capacity 31978K, committed 32128K, reserved 1077248K
  class space    used 3572K, capacity 3869K, committed 3968K, reserved 1048576K
GC Heap History (10 events):
Event: 4.786 GC heap before
{Heap before GC invocations=2 (full 0):
 PSYoungGen      total 190464K, used 94148K [0x00000006ebd00000, 0x00000006f9180000, 0x00000007c0000000)
  eden space 163328K, 43% used [0x00000006ebd00000,0x00000006f02b06b0,0x00000006f5c80000)
  from space 27136K, 83% used [0x00000006f5c80000,0x00000006f72c09a8,0x00000006f7700000)
  to   space 27136K, 0% used [0x00000006f7700000,0x00000006f7700000,0x00000006f9180000)
 ParOldGen       total 435712K, used 32K [0x0000000543600000, 0x000000055df80000, 0x00000006ebd00000)
  object space 435712K, 0% used [0x0000000543600000,0x0000000543608000,0x000000055df80000)
 Metaspace       used 20428K, capacity 21182K, committed 21296K, reserved 1069056K
  class space    used 2463K, capacity 2654K, committed 2688K, reserved 1048576K
Event: 4.796 GC heap after
Heap after GC invocations=2 (full 0):
 PSYoungGen      total 190464K, used 15720K [0x00000006ebd00000, 0x00000006f9180000, 0x00000007c0000000)
  eden space 163328K, 0% used [0x00000006ebd00000,0x00000006ebd00000,0x00000006f5c80000)
  from space 27136K, 57% used [0x00000006f7700000,0x00000006f865a060,0x00000006f9180000)
  to   space 27136K, 0% used [0x00000006f5c80000,0x00000006f5c80000,0x00000006f7700000)
 ParOldGen       total 435712K, used 40K [0x0000000543600000, 0x000000055df80000, 0x00000006ebd00000)
  object space 435712K, 0% used [0x0000000543600000,0x000000054360a000,0x000000055df80000)
 Metaspace       used 20428K, capacity 21182K, committed 21296K, reserved 1069056K
  class space    used 2463K, capacity 2654K, committed 2688K, reserved 1048576K
}
Event: 4.796 GC heap before
{Heap before GC invocations=3 (full 1):
 PSYoungGen      total 190464K, used 15720K [0x00000006ebd00000, 0x00000006f9180000, 0x00000007c0000000)
  eden space 163328K, 0% used [0x00000006ebd00000,0x00000006ebd00000,0x00000006f5c80000)
  from space 27136K, 57% used [0x00000006f7700000,0x00000006f865a060,0x00000006f9180000)
  to   space 27136K, 0% used [0x00000006f5c80000,0x00000006f5c80000,0x00000006f7700000)
 ParOldGen       total 435712K, used 40K [0x0000000543600000, 0x000000055df80000, 0x00000006ebd00000)
  object space 435712K, 0% used [0x0000000543600000,0x000000054360a000,0x000000055df80000)
 Metaspace       used 20428K, capacity 21182K, committed 21296K, reserved 1069056K
  class space    used 2463K, capacity 2654K, committed 2688K, reserved 1048576K
Event: 4.845 GC heap after
Heap after GC invocations=3 (full 1):
 PSYoungGen      total 190464K, used 0K [0x00000006ebd00000, 0x00000006f9180000, 0x00000007c0000000)
  eden space 163328K, 0% used [0x00000006ebd00000,0x00000006ebd00000,0x00000006f5c80000)
  from space 27136K, 0% used [0x00000006f7700000,0x00000006f7700000,0x00000006f9180000)
  to   space 27136K, 0% used [0x00000006f5c80000,0x00000006f5c80000,0x00000006f7700000)
 ParOldGen       total 267776K, used 15462K [0x0000000543600000, 0x0000000553b80000, 0x00000006ebd00000)
  object space 267776K, 5% used [0x0000000543600000,0x0000000544519af0,0x0000000553b80000)
 Metaspace       used 20428K, capacity 21182K, committed 21296K, reserved 1069056K
  class space    used 2463K, capacity 2654K, committed 2688K, reserved 1048576K
}
Event: 6.069 GC heap before
{Heap before GC invocations=4 (full 1):
 PSYoungGen      total 190464K, used 163328K [0x00000006ebd00000, 0x00000006f9180000, 0x00000007c0000000)
  eden space 163328K, 100% used [0x00000006ebd00000,0x00000006f5c80000,0x00000006f5c80000)
  from space 27136K, 0% used [0x00000006f7700000,0x00000006f7700000,0x00000006f9180000)
  to   space 27136K, 0% used [0x00000006f5c80000,0x00000006f5c80000,0x00000006f7700000)
 ParOldGen       total 267776K, used 15462K [0x0000000543600000, 0x0000000553b80000, 0x00000006ebd00000)
  object space 267776K, 5% used [0x0000000543600000,0x0000000544519af0,0x0000000553b80000)
 Metaspace       used 26779K, capacity 27690K, committed 27776K, reserved 1073152K
  class space    used 3177K, capacity 3439K, committed 3456K, reserved 1048576K
Event: 6.091 GC heap after
Heap after GC invocations=4 (full 1):
 PSYoungGen      total 190464K, used 27121K [0x00000006ebd00000, 0x00000006fe580000, 0x00000007c0000000)
  eden space 163328K, 0% used [0x00000006ebd00000,0x00000006ebd00000,0x00000006f5c80000)
  from space 27136K, 99% used [0x00000006f5c80000,0x00000006f76fc570,0x00000006f7700000)
  to   space 27136K, 0% used [0x00000006fcb00000,0x00000006fcb00000,0x00000006fe580000)
 ParOldGen       total 267776K, used 19692K [0x0000000543600000, 0x0000000553b80000, 0x00000006ebd00000)
  object space 267776K, 7% used [0x0000000543600000,0x000000054493b3d0,0x0000000553b80000)
 Metaspace       used 26779K, capacity 27690K, committed 27776K, reserved 1073152K
  class space    used 3177K, capacity 3439K, committed 3456K, reserved 1048576K
}
Event: 7.296 GC heap before
{Heap before GC invocations=5 (full 1):
 PSYoungGen      total 190464K, used 190449K [0x00000006ebd00000, 0x00000006fe580000, 0x00000007c0000000)
  eden space 163328K, 100% used [0x00000006ebd00000,0x00000006f5c80000,0x00000006f5c80000)
  from space 27136K, 99% used [0x00000006f5c80000,0x00000006f76fc570,0x00000006f7700000)
  to   space 27136K, 0% used [0x00000006fcb00000,0x00000006fcb00000,0x00000006fe580000)
 ParOldGen       total 267776K, used 19692K [0x0000000543600000, 0x0000000553b80000, 0x00000006ebd00000)
  object space 267776K, 7% used [0x0000000543600000,0x000000054493b3d0,0x0000000553b80000)
 Metaspace       used 28917K, capacity 30072K, committed 30208K, reserved 1075200K
  class space    used 3421K, capacity 3734K, committed 3840K, reserved 1048576K
Event: 7.310 GC heap after
Heap after GC invocations=5 (full 1):
 PSYoungGen      total 276480K, used 27104K [0x00000006ebd00000, 0x00000006fe580000, 0x00000007c0000000)
  eden space 249344K, 0% used [0x00000006ebd00000,0x00000006ebd00000,0x00000006fb080000)
  from space 27136K, 99% used [0x00000006fcb00000,0x00000006fe578268,0x00000006fe580000)
  to   space 27136K, 0% used [0x00000006fb080000,0x00000006fb080000,0x00000006fcb00000)
 ParOldGen       total 267776K, used 24571K [0x0000000543600000, 0x0000000553b80000, 0x00000006ebd00000)
  object space 267776K, 9% used [0x0000000543600000,0x0000000544dfef60,0x0000000553b80000)
 Metaspace       used 28917K, capacity 30072K, committed 30208K, reserved 1075200K
  class space    used 3421K, capacity 3734K, committed 3840K, reserved 1048576K
}
Event: 8.910 GC heap before
{Heap before GC invocations=6 (full 1):
 PSYoungGen      total 276480K, used 276448K [0x00000006ebd00000, 0x00000006fe580000, 0x00000007c0000000)
  eden space 249344K, 100% used [0x00000006ebd00000,0x00000006fb080000,0x00000006fb080000)
  from space 27136K, 99% used [0x00000006fcb00000,0x00000006fe578268,0x00000006fe580000)
  to   space 27136K, 0% used [0x00000006fb080000,0x00000006fb080000,0x00000006fcb00000)
 ParOldGen       total 267776K, used 24571K [0x0000000543600000, 0x0000000553b80000, 0x00000006ebd00000)
  object space 267776K, 9% used [0x0000000543600000,0x0000000544dfef60,0x0000000553b80000)
 Metaspace       used 30257K, capacity 31434K, committed 31488K, reserved 1077248K
  class space    used 3538K, capacity 3837K, committed 3840K, reserved 1048576K
Event: 8.960 GC heap after
Heap after GC invocations=6 (full 1):
 PSYoungGen      total 276480K, used 27129K [0x00000006ebd00000, 0x000000070ac80000, 0x00000007c0000000)
  eden space 249344K, 0% used [0x00000006ebd00000,0x00000006ebd00000,0x00000006fb080000)
  from space 27136K, 99% used [0x00000006fb080000,0x00000006fcafe620,0x00000006fcb00000)
  to   space 52736K, 0% used [0x0000000707900000,0x0000000707900000,0x000000070ac80000)
 ParOldGen       total 267776K, used 46822K [0x0000000543600000, 0x0000000553b80000, 0x00000006ebd00000)
  object space 267776K, 17% used [0x0000000543600000,0x00000005463b9bc0,0x0000000553b80000)
 Metaspace       used 30257K, capacity 31434K, committed 31488K, reserved 1077248K
  class space    used 3538K, capacity 3837K, committed 3840K, reserved 1048576K
}

